<?xml version="1.0" encoding="UTF-8"?>
<testsuite name="com.main.test.BaseTest" time="0.149" tests="3" errors="0" skipped="0" failures="1">
  <properties>
[...]
</properties>
  <testcase name="testQ1" classname="com.main.test.BaseTest" time="0.126">
    <failure message="Status expected:&lt;200&gt; but was:&lt;404&gt;" type="java.lang.AssertionError"><![CDATA[java.lang.AssertionError: Status expected:<200> but was:<404>
	at org.springframework.test.util.AssertionErrors.fail(AssertionErrors.java:54)
	at org.springframework.test.util.AssertionErrors.assertEquals(AssertionErrors.java:81)
	at org.springframework.test.web.servlet.result.StatusResultMatchers$10.match(StatusResultMatchers.java:665)
	at org.springframework.test.web.servlet.MockMvc$1.andExpect(MockMvc.java:171)
	at com.main.test.BaseTest.testQ1(BaseTest.java:66)
]]></failure>
    <system-out><![CDATA[Hibernate: drop table if exists user
Hibernate: create table user (id integer not null auto_increment, email varchar(255), name varchar(255), primary key (id))
]]></system-out>
    <system-err><![CDATA[log4j:WARN No appenders could be found for logger (org.springframework.test.context.junit4.SpringJUnit4ClassRunner).
log4j:WARN Please initialize the log4j system properly.
log4j:WARN See http://logging.apache.org/log4j/1.2/faq.html#noconfig for more info.
]]></system-err>
  </testcase>
  <testcase name="testDataSource" classname="com.main.test.BaseTest" time="0.01"/>
  <testcase name="contextLoads" classname="com.main.test.BaseTest" time="0.013"/>
</testsuite>